<?xml version="1.0" encoding="UTF-8"?>
<coverage generated="1701773232369" clover="3.2.0">
  <project timestamp="1701773232369" name="All files">
    <metrics statements="20" coveredstatements="19" conditionals="6" coveredconditionals="6" methods="5" coveredmethods="4" elements="31" coveredelements="29" complexity="0" loc="20" ncloc="20" packages="2" files="3" classes="3"/>
    <package name="test_jest">
      <metrics statements="9" coveredstatements="8" conditionals="0" coveredconditionals="0" methods="3" coveredmethods="2"/>
      <file name="index.js" path="C:\Users\Allan\Documents\Cleaf-Web\Clients\3 - Formateur\NODEJS\test_jest\index.js">
        <metrics statements="9" coveredstatements="8" conditionals="0" coveredconditionals="0" methods="3" coveredmethods="2"/>
        <line num="1" count="1" type="stmt"/>
        <line num="2" count="1" type="stmt"/>
        <line num="4" count="1" type="stmt"/>
        <line num="5" count="1" type="stmt"/>
        <line num="8" count="1" type="stmt"/>
        <line num="9" count="0" type="stmt"/>
        <line num="12" count="1" type="stmt"/>
        <line num="13" count="1" type="stmt"/>
        <line num="16" count="1" type="stmt"/>
      </file>
    </package>
    <package name="test_jest.src">
      <metrics statements="11" coveredstatements="11" conditionals="6" coveredconditionals="6" methods="2" coveredmethods="2"/>
      <file name="calc.js" path="C:\Users\Allan\Documents\Cleaf-Web\Clients\3 - Formateur\NODEJS\test_jest\src\calc.js">
        <metrics statements="3" coveredstatements="3" conditionals="0" coveredconditionals="0" methods="1" coveredmethods="1"/>
        <line num="1" count="1" type="stmt"/>
        <line num="2" count="1" type="stmt"/>
        <line num="5" count="1" type="stmt"/>
      </file>
      <file name="fizzbuzz.js" path="C:\Users\Allan\Documents\Cleaf-Web\Clients\3 - Formateur\NODEJS\test_jest\src\fizzbuzz.js">
        <metrics statements="8" coveredstatements="8" conditionals="6" coveredconditionals="6" methods="1" coveredmethods="1"/>
        <line num="2" count="1" type="stmt"/>
        <line num="3" count="8" type="stmt"/>
        <line num="5" count="8" type="cond" truecount="2" falsecount="0"/>
        <line num="6" count="4" type="stmt"/>
        <line num="8" count="8" type="cond" truecount="2" falsecount="0"/>
        <line num="9" count="4" type="stmt"/>
        <line num="12" count="8" type="cond" truecount="2" falsecount="0"/>
        <line num="15" count="1" type="stmt"/>
      </file>
    </package>
  </project>
</coverage>
