TN:
SF:index.js
FN:4,(anonymous_0)
FN:8,(anonymous_1)
FN:12,(anonymous_2)
FNF:3
FNH:2
FNDA:1,(anonymous_0)
FNDA:0,(anonymous_1)
FNDA:1,(anonymous_2)
DA:1,1
DA:2,1
DA:4,1
DA:5,1
DA:8,1
DA:9,0
DA:12,1
DA:13,1
DA:16,1
LF:9
LH:8
BRF:0
BRH:0
end_of_record
TN:
SF:src\calc.js
FN:1,(anonymous_0)
FNF:1
FNH:1
FNDA:1,(anonymous_0)
DA:1,1
DA:2,1
DA:5,1
LF:3
LH:3
BRF:0
BRH:0
end_of_record
TN:
SF:src\fizzbuzz.js
FN:2,(anonymous_0)
FNF:1
FNH:1
FNDA:8,(anonymous_0)
DA:2,1
DA:3,8
DA:5,8
DA:6,4
DA:8,8
DA:9,4
DA:12,8
DA:15,1
LF:8
LH:8
BRDA:5,0,0,4
BRDA:5,0,1,4
BRDA:8,1,0,4
BRDA:8,1,1,4
BRDA:12,2,0,2
BRDA:12,2,1,6
BRF:6
BRH:6
end_of_record
